[debug] [2023-07-03T07:11:15.950Z] ----------------------------------------------------------------------
[debug] [2023-07-03T07:11:15.954Z] Command:       C:\nodejs\node.exe C:\Users\shrey\AppData\Roaming\npm\node_modules\firebase-tools\lib\bin\firebase.js init
[debug] [2023-07-03T07:11:15.955Z] CLI Version:   12.4.2
[debug] [2023-07-03T07:11:15.956Z] Platform:      win32
[debug] [2023-07-03T07:11:15.956Z] Node Version:  v18.2.0
[debug] [2023-07-03T07:11:15.958Z] Time:          Mon Jul 03 2023 12:41:15 GMT+0530 (India Standard Time)
[debug] [2023-07-03T07:11:15.958Z] ----------------------------------------------------------------------
[debug] 
[debug] [2023-07-03T07:11:15.965Z] >>> [apiv2][query] GET https://firebase-public.firebaseio.com/cli.json [none]
[debug] [2023-07-03T07:11:16.133Z] > command requires scopes: ["email","openid","https://www.googleapis.com/auth/cloudplatformprojects.readonly","https://www.googleapis.com/auth/firebase","https://www.googleapis.com/auth/cloud-platform"]
[debug] [2023-07-03T07:11:16.134Z] > authorizing via signed-in user (shreyaspatil2903@gmail.com)
[info] 
     ######## #### ########  ######## ########     ###     ######  ########
     ##        ##  ##     ## ##       ##     ##  ##   ##  ##       ##
     ######    ##  ########  ######   ########  #########  ######  ######
     ##        ##  ##    ##  ##       ##     ## ##     ##       ## ##
     ##       #### ##     ## ######## ########  ##     ##  ######  ########

You're about to initialize a Firebase project in this directory:

  D:\nodejsbackend\mystorebackend

[debug] [2023-07-03T07:11:16.887Z] <<< [apiv2][status] GET https://firebase-public.firebaseio.com/cli.json 200
[debug] [2023-07-03T07:11:16.888Z] <<< [apiv2][body] GET https://firebase-public.firebaseio.com/cli.json {"cloudBuildErrorAfter":1594252800000,"cloudBuildWarnAfter":1590019200000,"defaultNode10After":1594252800000,"minVersion":"3.0.5","node8DeploysDisabledAfter":1613390400000,"node8RuntimeDisabledAfter":1615809600000,"node8WarnAfter":1600128000000}
